[0.512s] running egg_info
[0.513s] writing /home/leeseng/ros2learn/robot_ws/build/recycler_package/recycler_package.egg-info/PKG-INFO
[0.513s] writing dependency_links to /home/leeseng/ros2learn/robot_ws/build/recycler_package/recycler_package.egg-info/dependency_links.txt
[0.513s] writing entry points to /home/leeseng/ros2learn/robot_ws/build/recycler_package/recycler_package.egg-info/entry_points.txt
[0.514s] writing requirements to /home/leeseng/ros2learn/robot_ws/build/recycler_package/recycler_package.egg-info/requires.txt
[0.514s] writing top-level names to /home/leeseng/ros2learn/robot_ws/build/recycler_package/recycler_package.egg-info/top_level.txt
[0.543s] reading manifest file '/home/leeseng/ros2learn/robot_ws/build/recycler_package/recycler_package.egg-info/SOURCES.txt'
[0.544s] writing manifest file '/home/leeseng/ros2learn/robot_ws/build/recycler_package/recycler_package.egg-info/SOURCES.txt'
[0.545s] running build
[0.545s] running build_py
[0.545s] copying recycler_package/recycler.py -> /home/leeseng/ros2learn/robot_ws/build/recycler_package/build/lib/recycler_package
[0.545s] running install
[0.545s] running install_lib
[0.546s] copying /home/leeseng/ros2learn/robot_ws/build/recycler_package/build/lib/recycler_package/recycler.py -> /home/leeseng/ros2learn/robot_ws/install/recycler_package/lib/python3.6/site-packages/recycler_package
[0.546s] byte-compiling /home/leeseng/ros2learn/robot_ws/install/recycler_package/lib/python3.6/site-packages/recycler_package/recycler.py to recycler.cpython-36.pyc
[0.547s] running install_data
[0.547s] running install_egg_info
[0.549s] removing '/home/leeseng/ros2learn/robot_ws/install/recycler_package/lib/python3.6/site-packages/recycler_package-0.0.0-py3.6.egg-info' (and everything under it)
[0.549s] Copying /home/leeseng/ros2learn/robot_ws/build/recycler_package/recycler_package.egg-info to /home/leeseng/ros2learn/robot_ws/install/recycler_package/lib/python3.6/site-packages/recycler_package-0.0.0-py3.6.egg-info
[0.550s] running install_scripts
[0.566s] Installing recycler script to /home/leeseng/ros2learn/robot_ws/install/recycler_package/lib/recycler_package
[0.566s] writing list of installed files to '/home/leeseng/ros2learn/robot_ws/build/recycler_package/install.log'
