[0.505s] running egg_info
[0.506s] creating /home/leeseng/ros2learn/robot_ws/build/recycler_package/recycler_package.egg-info
[0.506s] writing /home/leeseng/ros2learn/robot_ws/build/recycler_package/recycler_package.egg-info/PKG-INFO
[0.506s] writing dependency_links to /home/leeseng/ros2learn/robot_ws/build/recycler_package/recycler_package.egg-info/dependency_links.txt
[0.506s] writing entry points to /home/leeseng/ros2learn/robot_ws/build/recycler_package/recycler_package.egg-info/entry_points.txt
[0.507s] writing requirements to /home/leeseng/ros2learn/robot_ws/build/recycler_package/recycler_package.egg-info/requires.txt
[0.507s] writing top-level names to /home/leeseng/ros2learn/robot_ws/build/recycler_package/recycler_package.egg-info/top_level.txt
[0.511s] writing manifest file '/home/leeseng/ros2learn/robot_ws/build/recycler_package/recycler_package.egg-info/SOURCES.txt'
[0.541s] reading manifest file '/home/leeseng/ros2learn/robot_ws/build/recycler_package/recycler_package.egg-info/SOURCES.txt'
[0.542s] writing manifest file '/home/leeseng/ros2learn/robot_ws/build/recycler_package/recycler_package.egg-info/SOURCES.txt'
[0.542s] running build
[0.542s] running build_py
[0.542s] creating /home/leeseng/ros2learn/robot_ws/build/recycler_package/build
[0.542s] creating /home/leeseng/ros2learn/robot_ws/build/recycler_package/build/lib
[0.542s] creating /home/leeseng/ros2learn/robot_ws/build/recycler_package/build/lib/recycler_package
[0.543s] copying recycler_package/__init__.py -> /home/leeseng/ros2learn/robot_ws/build/recycler_package/build/lib/recycler_package
[0.543s] copying recycler_package/recycler.py -> /home/leeseng/ros2learn/robot_ws/build/recycler_package/build/lib/recycler_package
[0.543s] running install
[0.543s] running install_lib
[0.544s] creating /home/leeseng/ros2learn/robot_ws/install/recycler_package/lib/python3.6/site-packages/recycler_package
[0.544s] copying /home/leeseng/ros2learn/robot_ws/build/recycler_package/build/lib/recycler_package/__init__.py -> /home/leeseng/ros2learn/robot_ws/install/recycler_package/lib/python3.6/site-packages/recycler_package
[0.544s] copying /home/leeseng/ros2learn/robot_ws/build/recycler_package/build/lib/recycler_package/recycler.py -> /home/leeseng/ros2learn/robot_ws/install/recycler_package/lib/python3.6/site-packages/recycler_package
[0.544s] byte-compiling /home/leeseng/ros2learn/robot_ws/install/recycler_package/lib/python3.6/site-packages/recycler_package/__init__.py to __init__.cpython-36.pyc
[0.545s] byte-compiling /home/leeseng/ros2learn/robot_ws/install/recycler_package/lib/python3.6/site-packages/recycler_package/recycler.py to recycler.cpython-36.pyc
[0.545s] running install_data
[0.545s] creating /home/leeseng/ros2learn/robot_ws/install/recycler_package/share/ament_index
[0.546s] creating /home/leeseng/ros2learn/robot_ws/install/recycler_package/share/ament_index/resource_index
[0.546s] creating /home/leeseng/ros2learn/robot_ws/install/recycler_package/share/ament_index/resource_index/packages
[0.546s] copying resource/recycler_package -> /home/leeseng/ros2learn/robot_ws/install/recycler_package/share/ament_index/resource_index/packages
[0.546s] copying package.xml -> /home/leeseng/ros2learn/robot_ws/install/recycler_package/share/recycler_package
[0.546s] running install_egg_info
[0.548s] Copying /home/leeseng/ros2learn/robot_ws/build/recycler_package/recycler_package.egg-info to /home/leeseng/ros2learn/robot_ws/install/recycler_package/lib/python3.6/site-packages/recycler_package-0.0.0-py3.6.egg-info
[0.549s] running install_scripts
[0.565s] Installing recycler script to /home/leeseng/ros2learn/robot_ws/install/recycler_package/lib/recycler_package
[0.566s] writing list of installed files to '/home/leeseng/ros2learn/robot_ws/build/recycler_package/install.log'
