[0.273s] Invoking command in '/home/leeseng/ros2learn/robot_ws/src/recycler_package': PYTHONPATH=/home/leeseng/ros2learn/robot_ws/install/recycler_package/lib/python3.6/site-packages:${PYTHONPATH} /usr/bin/python3 setup.py egg_info --egg-base /home/leeseng/ros2learn/robot_ws/build/recycler_package build --build-base /home/leeseng/ros2learn/robot_ws/build/recycler_package/build install --prefix /home/leeseng/ros2learn/robot_ws/install/recycler_package --record /home/leeseng/ros2learn/robot_ws/build/recycler_package/install.log --single-version-externally-managed
[0.508s] running egg_info
[0.508s] writing /home/leeseng/ros2learn/robot_ws/build/recycler_package/recycler_package.egg-info/PKG-INFO
[0.509s] writing dependency_links to /home/leeseng/ros2learn/robot_ws/build/recycler_package/recycler_package.egg-info/dependency_links.txt
[0.509s] writing entry points to /home/leeseng/ros2learn/robot_ws/build/recycler_package/recycler_package.egg-info/entry_points.txt
[0.509s] writing requirements to /home/leeseng/ros2learn/robot_ws/build/recycler_package/recycler_package.egg-info/requires.txt
[0.509s] writing top-level names to /home/leeseng/ros2learn/robot_ws/build/recycler_package/recycler_package.egg-info/top_level.txt
[0.538s] reading manifest file '/home/leeseng/ros2learn/robot_ws/build/recycler_package/recycler_package.egg-info/SOURCES.txt'
[0.540s] writing manifest file '/home/leeseng/ros2learn/robot_ws/build/recycler_package/recycler_package.egg-info/SOURCES.txt'
[0.540s] running build
[0.540s] running build_py
[0.540s] copying recycler_package/recycler.py -> /home/leeseng/ros2learn/robot_ws/build/recycler_package/build/lib/recycler_package
[0.540s] running install
[0.541s] running install_lib
[0.541s] copying /home/leeseng/ros2learn/robot_ws/build/recycler_package/build/lib/recycler_package/recycler.py -> /home/leeseng/ros2learn/robot_ws/install/recycler_package/lib/python3.6/site-packages/recycler_package
[0.542s] byte-compiling /home/leeseng/ros2learn/robot_ws/install/recycler_package/lib/python3.6/site-packages/recycler_package/recycler.py to recycler.cpython-36.pyc
[0.542s] running install_data
[0.543s] copying package.xml -> /home/leeseng/ros2learn/robot_ws/install/recycler_package/share/recycler_package
[0.543s] running install_egg_info
[0.545s] removing '/home/leeseng/ros2learn/robot_ws/install/recycler_package/lib/python3.6/site-packages/recycler_package-0.0.0-py3.6.egg-info' (and everything under it)
[0.545s] Copying /home/leeseng/ros2learn/robot_ws/build/recycler_package/recycler_package.egg-info to /home/leeseng/ros2learn/robot_ws/install/recycler_package/lib/python3.6/site-packages/recycler_package-0.0.0-py3.6.egg-info
[0.546s] running install_scripts
[0.561s] Installing recycler script to /home/leeseng/ros2learn/robot_ws/install/recycler_package/lib/recycler_package
[0.561s] writing list of installed files to '/home/leeseng/ros2learn/robot_ws/build/recycler_package/install.log'
[0.579s] Invoked command in '/home/leeseng/ros2learn/robot_ws/src/recycler_package' returned '0': PYTHONPATH=/home/leeseng/ros2learn/robot_ws/install/recycler_package/lib/python3.6/site-packages:${PYTHONPATH} /usr/bin/python3 setup.py egg_info --egg-base /home/leeseng/ros2learn/robot_ws/build/recycler_package build --build-base /home/leeseng/ros2learn/robot_ws/build/recycler_package/build install --prefix /home/leeseng/ros2learn/robot_ws/install/recycler_package --record /home/leeseng/ros2learn/robot_ws/build/recycler_package/install.log --single-version-externally-managed
